<?xml version="1.0" encoding="UTF-8"?>
<!-- Generated by org.testng.reporters.JUnitXMLReporter -->
<testsuite ignored="1" hostname="LAPTOP-0CVQL5CL" failures="0" tests="7" name="Test" time="0.112" errors="0" timestamp="2022-10-03T09:52:01 IST">
  <testcase classname="testpkg.sample1" name="demo" time="0.02"/>
  <testcase classname="testpkg.sample2" name="demo2" time="0.001"/>
  <testcase classname="loanapplications.CarLoanApplicationTests" name="CarLoanLoginWeb" time="0.007"/>
  <testcase classname="loanapplications.CarLoanApplicationTests" name="CarLoanLoginAPI" time="0.002"/>
  <testcase classname="loanapplications.HomeLoanApplicationTests" name="HomeLoanLoginAPI" time="0.001"/>
  <testcase classname="loanapplications.HomeLoanApplicationTests" name="HomeLoanLoginMobile" time="0.001"/>
  <testcase classname="loanapplications.HomeLoanApplicationTests" name="HomeLoanLoginWeb" time="0.001"/>
  <testcase classname="loanapplications.CarLoanApplicationTests" name="CarLoanLoginMobile" time="0.0">
    <ignored/>
  </testcase> <!-- CarLoanLoginMobile -->
</testsuite> <!-- Test -->
