<?xml version="1.0" encoding="UTF-8"?>
<testng-results ignored="0" total="2" passed="1" failed="1" skipped="0">
  <reporter-output>
  </reporter-output>
  <suite started-at="2022-10-11T21:39:43 IST" name="Default suite" finished-at="2022-10-11T21:41:24 IST" duration-ms="101444">
    <groups>
      <group name="Firefox">
        <method signature="Testing.LaunchFirefox()[pri:0, instance:flipkarttesting.Testing@13b13b5d]" name="LaunchFirefox" class="flipkarttesting.Testing"/>
        <method signature="Testing.firefox()[pri:0, instance:flipkarttesting.Testing@13b13b5d]" name="firefox" class="flipkarttesting.Testing"/>
      </group> <!-- Firefox -->
    </groups>
    <test started-at="2022-10-11T21:39:43 IST" name="Default test" finished-at="2022-10-11T21:41:24 IST" duration-ms="101444">
      <class name="flipkarttesting.Testing">
        <test-method signature="LaunchFirefox()[pri:0, instance:flipkarttesting.Testing@13b13b5d]" started-at="2022-10-11T21:39:43 IST" name="LaunchFirefox" finished-at="2022-10-11T21:39:47 IST" duration-ms="4017" status="PASS">
          <reporter-output>
          </reporter-output>
        </test-method> <!-- LaunchFirefox -->
        <test-method signature="firefox()[pri:0, instance:flipkarttesting.Testing@13b13b5d]" started-at="2022-10-11T21:39:47 IST" name="firefox" finished-at="2022-10-11T21:41:24 IST" depends-on-methods="flipkarttesting.Testing.LaunchFirefox" duration-ms="97373" status="FAIL">
          <exception class="org.openqa.selenium.StaleElementReferenceException">
            <message>
              <![CDATA[The element reference of <img class="_396cs4 _3exPp9" src="https://rukminim1.flixcart.com/image/200/200/ka492fk0/lunch-box/v/g/y/set-of-3-klip-n-store-microwavable-containers-with-lunch-bag-original-imafrrbpkgyfzxmx.jpeg?q=70"> is stale; either the element is no longer attached to the DOM, it is not in the current frame context, or the document has been refreshed
For documentation on this error, please visit: https://selenium.dev/exceptions/#stale_element_reference
Build info: version: '4.4.0', revision: 'e5c75ed026a'
System info: host: 'LAPTOP-0CVQL5CL', ip: '192.168.56.1', os.name: 'Windows 10', os.arch: 'amd64', os.version: '10.0', java.version: '17.0.3'
Driver info: org.openqa.selenium.firefox.FirefoxDriver
Command: [eb8627da-2d6a-47dc-a088-976df129da2f, executeScript {script=return arguments[0].complete && typeof arguments[0].naturalWidth != "undefined" && arguments[0].naturalWidth > 0, args=[{ELEMENT=4f5b8647-ed44-4376-b454-34fc91575ef8, element-6066-11e4-a52e-4f735466cecf=4f5b8647-ed44-4376-b454-34fc91575ef8}]}]
Capabilities {acceptInsecureCerts: true, browserName: firefox, browserVersion: 105.0.3, moz:accessibilityChecks: false, moz:buildID: 20221007134813, moz:debuggerAddress: 127.0.0.1:64832, moz:geckodriverVersion: 0.31.0, moz:headless: false, moz:platformVersion: 10.0, moz:processID: 674924, moz:profile: C:\Users\reliance\AppData\L..., moz:shutdownTimeout: 60000, moz:useNonSpecCompliantPointerOrigin: false, moz:webdriverClick: true, moz:windowless: false, pageLoadStrategy: normal, platformName: WINDOWS, proxy: Proxy(), se:cdp: ws://127.0.0.1:64832/devtoo..., se:cdpVersion: 85.0, setWindowRect: true, strictFileInteractability: false, timeouts: {implicit: 0, pageLoad: 300000, script: 30000}, unhandledPromptBehavior: dismiss and notify}
Session ID: eb8627da-2d6a-47dc-a088-976df129da2f]]>
            </message>
            <full-stacktrace>
              <![CDATA[org.openqa.selenium.StaleElementReferenceException: The element reference of <img class="_396cs4 _3exPp9" src="https://rukminim1.flixcart.com/image/200/200/ka492fk0/lunch-box/v/g/y/set-of-3-klip-n-store-microwavable-containers-with-lunch-bag-original-imafrrbpkgyfzxmx.jpeg?q=70"> is stale; either the element is no longer attached to the DOM, it is not in the current frame context, or the document has been refreshed
For documentation on this error, please visit: https://selenium.dev/exceptions/#stale_element_reference
Build info: version: '4.4.0', revision: 'e5c75ed026a'
System info: host: 'LAPTOP-0CVQL5CL', ip: '192.168.56.1', os.name: 'Windows 10', os.arch: 'amd64', os.version: '10.0', java.version: '17.0.3'
Driver info: org.openqa.selenium.firefox.FirefoxDriver
Command: [eb8627da-2d6a-47dc-a088-976df129da2f, executeScript {script=return arguments[0].complete && typeof arguments[0].naturalWidth != "undefined" && arguments[0].naturalWidth > 0, args=[{ELEMENT=4f5b8647-ed44-4376-b454-34fc91575ef8, element-6066-11e4-a52e-4f735466cecf=4f5b8647-ed44-4376-b454-34fc91575ef8}]}]
Capabilities {acceptInsecureCerts: true, browserName: firefox, browserVersion: 105.0.3, moz:accessibilityChecks: false, moz:buildID: 20221007134813, moz:debuggerAddress: 127.0.0.1:64832, moz:geckodriverVersion: 0.31.0, moz:headless: false, moz:platformVersion: 10.0, moz:processID: 674924, moz:profile: C:\Users\reliance\AppData\L..., moz:shutdownTimeout: 60000, moz:useNonSpecCompliantPointerOrigin: false, moz:webdriverClick: true, moz:windowless: false, pageLoadStrategy: normal, platformName: WINDOWS, proxy: Proxy(), se:cdp: ws://127.0.0.1:64832/devtoo..., se:cdpVersion: 85.0, setWindowRect: true, strictFileInteractability: false, timeouts: {implicit: 0, pageLoad: 300000, script: 30000}, unhandledPromptBehavior: dismiss and notify}
Session ID: eb8627da-2d6a-47dc-a088-976df129da2f
at java.base/jdk.internal.reflect.NativeConstructorAccessorImpl.newInstance0(Native Method)
at java.base/jdk.internal.reflect.NativeConstructorAccessorImpl.newInstance(NativeConstructorAccessorImpl.java:77)
at java.base/jdk.internal.reflect.DelegatingConstructorAccessorImpl.newInstance(DelegatingConstructorAccessorImpl.java:45)
at java.base/java.lang.reflect.Constructor.newInstanceWithCaller(Constructor.java:499)
at java.base/java.lang.reflect.Constructor.newInstance(Constructor.java:480)
at org.openqa.selenium.remote.codec.w3c.W3CHttpResponseCodec.createException(W3CHttpResponseCodec.java:200)
at org.openqa.selenium.remote.codec.w3c.W3CHttpResponseCodec.decode(W3CHttpResponseCodec.java:133)
at org.openqa.selenium.remote.codec.w3c.W3CHttpResponseCodec.decode(W3CHttpResponseCodec.java:53)
at org.openqa.selenium.remote.HttpCommandExecutor.execute(HttpCommandExecutor.java:184)
at org.openqa.selenium.remote.service.DriverCommandExecutor.invokeExecute(DriverCommandExecutor.java:167)
at org.openqa.selenium.remote.service.DriverCommandExecutor.execute(DriverCommandExecutor.java:142)
at org.openqa.selenium.remote.RemoteWebDriver.execute(RemoteWebDriver.java:547)
at org.openqa.selenium.remote.RemoteWebDriver.executeScript(RemoteWebDriver.java:481)
at flipkarttesting.Testing.firefox(Testing.java:102)
at java.base/jdk.internal.reflect.NativeMethodAccessorImpl.invoke0(Native Method)
at java.base/jdk.internal.reflect.NativeMethodAccessorImpl.invoke(NativeMethodAccessorImpl.java:77)
at java.base/jdk.internal.reflect.DelegatingMethodAccessorImpl.invoke(DelegatingMethodAccessorImpl.java:43)
at java.base/java.lang.reflect.Method.invoke(Method.java:568)
at org.testng.internal.MethodInvocationHelper.invokeMethod(MethodInvocationHelper.java:133)
at org.testng.internal.TestInvoker.invokeMethod(TestInvoker.java:584)
at org.testng.internal.TestInvoker.invokeTestMethod(TestInvoker.java:172)
at org.testng.internal.MethodRunner.runInSequence(MethodRunner.java:46)
at org.testng.internal.TestInvoker$MethodInvocationAgent.invoke(TestInvoker.java:804)
at org.testng.internal.TestInvoker.invokeTestMethods(TestInvoker.java:145)
at org.testng.internal.TestMethodWorker.invokeTestMethods(TestMethodWorker.java:146)
at org.testng.internal.TestMethodWorker.run(TestMethodWorker.java:128)
at java.base/java.util.ArrayList.forEach(ArrayList.java:1511)
at org.testng.TestRunner.privateRun(TestRunner.java:770)
at org.testng.TestRunner.run(TestRunner.java:591)
at org.testng.SuiteRunner.runTest(SuiteRunner.java:402)
at org.testng.SuiteRunner.runSequentially(SuiteRunner.java:396)
at org.testng.SuiteRunner.privateRun(SuiteRunner.java:355)
at org.testng.SuiteRunner.run(SuiteRunner.java:304)
at org.testng.SuiteRunnerWorker.runSuite(SuiteRunnerWorker.java:53)
at org.testng.SuiteRunnerWorker.run(SuiteRunnerWorker.java:96)
at org.testng.TestNG.runSuitesSequentially(TestNG.java:1180)
at org.testng.TestNG.runSuitesLocally(TestNG.java:1102)
at org.testng.TestNG.runSuites(TestNG.java:1032)
at org.testng.TestNG.run(TestNG.java:1000)
at org.testng.remote.AbstractRemoteTestNG.run(AbstractRemoteTestNG.java:115)
at org.testng.remote.RemoteTestNG.initAndRun(RemoteTestNG.java:251)
at org.testng.remote.RemoteTestNG.main(RemoteTestNG.java:77)
]]>
            </full-stacktrace>
          </exception> <!-- org.openqa.selenium.StaleElementReferenceException -->
          <reporter-output>
          </reporter-output>
        </test-method> <!-- firefox -->
      </class> <!-- flipkarttesting.Testing -->
    </test> <!-- Default test -->
  </suite> <!-- Default suite -->
</testng-results>
